#
# A fatal error has been detected by the Java Runtime Environment:
#
#  SIGBUS (0xa) at pc=0x00000001077ddfe6, pid=29666, tid=58627
#
# JRE version: Java(TM) SE Runtime Environment (8.0_11-b12) (build 1.8.0_11-b12)
# Java VM: Java HotSpot(TM) 64-Bit Server VM (25.11-b03 mixed mode bsd-amd64 compressed oops)
# Problematic frame:
# C  [libzip.dylib+0x2fe6]  newEntry+0x154
#
# Failed to write core dump. Core dumps have been disabled. To enable core dumping, try "ulimit -c unlimited" before starting Java again
#
# If you would like to submit a bug report, please visit:
#   http://bugreport.sun.com/bugreport/crash.jsp
# The crash happened outside the Java Virtual Machine in native code.
# See problematic frame for where to report the bug.
#

---------------  T H R E A D  ---------------

Current thread (0x00007f991da6b800):  JavaThread "Thread-3" [_thread_in_native, id=58627, stack(0x000000012dbbd000,0x000000012dcbd000)]

siginfo:si_signo=SIGBUS: si_errno=0, si_code=2 (BUS_ADRERR), si_addr=0x00000001261d1d06

Registers:
RAX=0x00007f9918520760, RBX=0x00000001261d1cfa, RCX=0x0000000000000001, RDX=0x0000000000000000
RSP=0x000000012dcba4e0, RBP=0x000000012dcba540, RSI=0x00000000fff0ffff, RDI=0x000000010769c200
R8 =0x0000000000000004, R9 =0x00007f9918400000, R10=0x0000000109936998, R11=0xfffffff9c2e980a6
R12=0x000000000003e0a0, R13=0x0000000125fbd000, R14=0x00007f9918520760, R15=0x00007f9918608bd0
RIP=0x00000001077ddfe6, EFLAGS=0x0000000000010206, ERR=0x0000000000000004
  TRAPNO=0x000000000000000e

Top of Stack: (sp=0x000000012dcba4e0)
0x000000012dcba4e0:   0000000000000000 0000000000000000
0x000000012dcba4f0:   0000000000000000 0000000000000000
0x000000012dcba500:   000000012dcba520 00007f9918520760
0x000000012dcba510:   00007f991842b0f0 00000000b919fe1e
0x000000012dcba520:   000000000003e0a0 0000000125fbd000
0x000000012dcba530:   00007f9918520760 00007f9918608bd0
0x000000012dcba540:   000000012dcba590 00000001077de654
0x000000012dcba550:   000000000000001e 0000001e1da6b800
0x000000012dcba560:   000000012dcba5ae 000000012dcba9f8
0x000000012dcba570:   000000000000001e 000000012dcba5ae
0x000000012dcba580:   00007f9918520760 00007f991da6b9e0
0x000000012dcba590:   000000012dcba9e0 00000001077dd49f
0x000000012dcba5a0:   0000000000000000 726f000000000001
0x000000012dcba5b0:   73766d2f32682f67 53564d2f65726f74
0x000000012dcba5c0:   632e312465726f74 000000007373616c
0x000000012dcba5d0:   000000012dcbab70 00000000286b85d0
0x000000012dcba5e0:   0000000000000000 00000000fffffffb
0x000000012dcba5f0:   0000000000000001 0000000000000001
0x000000012dcba600:   0000000108d915d2 0000000000000001
0x000000012dcba610:   00007f991860394c 0000000000000000
0x000000012dcba620:   00000001276ce6b0 00007fff9057b8c0
0x000000012dcba630:   0000000000000000 0000000000000001
0x000000012dcba640:   000000bd00000001 00000000000004e0
0x000000012dcba650:   0000000000000004 0000000700000000
0x000000012dcba660:   0000000108d9159d 000000012dcbadc8
0x000000012dcba670:   000000012dcba8f8 00000000000000bd
0x000000012dcba680:   0000000000000007 000000012dcba8d8
0x000000012dcba690:   000000012dcba94c ffffffff08d7d734
0x000000012dcba6a0:   0000000000000000 0000000000000000
0x000000012dcba6b0:   00007fff7d038940 0000000000000002
0x000000012dcba6c0:   0000003000000010 000000012dcbadf0
0x000000012dcba6d0:   000000012dcbad10 0000000000000000 

Instructions: (pc=0x00000001077ddfe6)
0x00000001077ddfc6:   49 8b 7f 38 e8 95 1a 00 00 4d 89 77 38 49 89 5f
0x00000001077ddfd6:   40 4c 89 f0 48 85 c0 0f 84 16 05 00 00 48 89 c3
0x00000001077ddfe6:   0f b6 43 0c 0f b6 4b 0d 48 c1 e1 08 48 01 c1 0f
0x00000001077ddff6:   b6 43 0e 0f b6 53 0f 48 c1 e2 08 48 01 c2 48 c1 

Register to memory mapping:

RAX=0x00007f9918520760 is an unknown value
RBX=0x00000001261d1cfa is an unknown value
RCX=0x0000000000000001 is an unknown value
RDX=0x0000000000000000 is an unknown value
RSP=0x000000012dcba4e0 is pointing into the stack for thread: 0x00007f991da6b800
RBP=0x000000012dcba540 is pointing into the stack for thread: 0x00007f991da6b800
RSI=0x00000000fff0ffff is an unknown value
RDI=0x000000010769c200 is an unknown value
R8 =0x0000000000000004 is an unknown value
R9 =0x00007f9918400000 is an unknown value
R10=0x0000000109936998 is at entry_point+88 in (nmethod*)0x00000001099367d0
R11=0xfffffff9c2e980a6 is an unknown value
R12=0x000000000003e0a0 is an unknown value
R13=0x0000000125fbd000 is an unknown value
R14=0x00007f9918520760 is an unknown value
R15=0x00007f9918608bd0 is an unknown value


Stack: [0x000000012dbbd000,0x000000012dcbd000],  sp=0x000000012dcba4e0,  free space=1013k
Native frames: (J=compiled Java code, j=interpreted, Vv=VM code, C=native code)
C  [libzip.dylib+0x2fe6]  newEntry+0x154
C  [libzip.dylib+0x3654]  ZIP_GetEntry+0xa2
C  [libzip.dylib+0x249f]  Java_java_util_zip_ZipFile_getEntry+0xdd
J 110  java.util.zip.ZipFile.getEntry(J[BZ)J (0 bytes) @ 0x0000000109936a0e [0x0000000109936940+0xce]

Java frames: (J=compiled Java code, j=interpreted, Vv=VM code)
J 110  java.util.zip.ZipFile.getEntry(J[BZ)J (0 bytes) @ 0x0000000109936998 [0x0000000109936940+0x58]
J 1531 C2 java.util.jar.JarFile.getEntry(Ljava/lang/String;)Ljava/util/zip/ZipEntry; (22 bytes) @ 0x0000000109ca771c [0x0000000109ca73c0+0x35c]
J 2502 C2 sun.misc.URLClassPath$JarLoader.getResource(Ljava/lang/String;Z)Lsun/misc/Resource; (85 bytes) @ 0x0000000109fd7cdc [0x0000000109fd7b80+0x15c]
J 1731 C2 java.net.URLClassLoader$1.run()Ljava/lang/Class; (73 bytes) @ 0x0000000109ddc1bc [0x0000000109ddbc80+0x53c]
J 2038 C1 java.net.URLClassLoader$1.run()Ljava/lang/Object; (5 bytes) @ 0x0000000109e56ff4 [0x0000000109e56f80+0x74]
v  ~StubRoutines::call_stub
J 250  java.security.AccessController.doPrivileged(Ljava/security/PrivilegedExceptionAction;Ljava/security/AccessControlContext;)Ljava/lang/Object; (0 bytes) @ 0x000000010997e2e3 [0x000000010997e280+0x63]
J 1616 C2 java.net.URLClassLoader.findClass(Ljava/lang/String;)Ljava/lang/Class; (29 bytes) @ 0x0000000109cfb5a4 [0x0000000109cfb500+0xa4]
J 1483 C2 java.lang.ClassLoader.loadClass(Ljava/lang/String;Z)Ljava/lang/Class; (122 bytes) @ 0x0000000109c9b3d0 [0x0000000109c9afa0+0x430]
J 1751 C2 java.lang.ClassLoader.loadClass(Ljava/lang/String;)Ljava/lang/Class; (7 bytes) @ 0x0000000109d523dc [0x0000000109d522c0+0x11c]
v  ~StubRoutines::call_stub
j  org.h2.mvstore.MVStore.compact(II)Z+235
j  org.h2.mvstore.db.MVTableEngine$Store.close(J)V+52
j  org.h2.engine.Database.closeOpenFilesAndUnlock(Z)V+181
j  org.h2.engine.Database.close(Z)V+461
j  org.h2.engine.DatabaseCloser.run()V+80
v  ~StubRoutines::call_stub

---------------  P R O C E S S  ---------------

Java Threads: ( => current thread )
=>0x00007f991da6b800 JavaThread "Thread-3" [_thread_in_native, id=58627, stack(0x000000012dbbd000,0x000000012dcbd000)]
  0x00007f991e2d6800 JavaThread "hz.ShutdownThread" [_thread_blocked, id=32775, stack(0x000000012daba000,0x000000012dbba000)]
  0x00007f991da6a800 JavaThread "Thread-14" [_thread_blocked, id=32007, stack(0x000000012d9b7000,0x000000012dab7000)]
  0x00007f991c058000 JavaThread "SIGINT handler" daemon [_thread_blocked, id=58119, stack(0x000000012d35e000,0x000000012d45e000)]
  0x00007f991d089000 JavaThread "dw-admin-88" [_thread_blocked, id=50439, stack(0x000000012c534000,0x000000012c634000)]
  0x00007f991d088000 JavaThread "dw-87" [_thread_blocked, id=17423, stack(0x000000012d25b000,0x000000012d35b000)]
  0x00007f991d29f800 JavaThread "dw-admin-84-acceptor-3-admin@329bad59{SSL-HTTP/1.1}{0.0.0.0:9444}" [_thread_blocked, id=57091, stack(0x000000012d158000,0x000000012d258000)]
  0x00007f9919de5000 JavaThread "dw-admin-83-acceptor-2-admin@329bad59{SSL-HTTP/1.1}{0.0.0.0:9444}" [_thread_blocked, id=56579, stack(0x000000012d055000,0x000000012d155000)]
  0x00007f991d29f000 JavaThread "dw-admin-82-acceptor-1-admin@329bad59{SSL-HTTP/1.1}{0.0.0.0:9444}" [_thread_blocked, id=56067, stack(0x000000012cf52000,0x000000012d052000)]
  0x00007f991c86b000 JavaThread "dw-admin-81-acceptor-0-admin@329bad59{SSL-HTTP/1.1}{0.0.0.0:9444}" [_thread_in_native, id=55555, stack(0x000000012ce4f000,0x000000012cf4f000)]
  0x00007f991d206800 JavaThread "dw-admin-80-selector-7" [_thread_in_native, id=55043, stack(0x000000012cd4c000,0x000000012ce4c000)]
  0x00007f991c831000 JavaThread "dw-admin-79-selector-6" [_thread_in_native, id=54531, stack(0x000000012cc49000,0x000000012cd49000)]
  0x00007f991995d800 JavaThread "dw-admin-78-selector-5" [_thread_in_native, id=54019, stack(0x000000012cb46000,0x000000012cc46000)]
  0x00007f991995d000 JavaThread "dw-admin-77-selector-4" [_thread_in_native, id=53507, stack(0x000000012a6f5000,0x000000012a7f5000)]
  0x00007f991b0f6800 JavaThread "dw-admin-76-selector-3" [_thread_in_native, id=52995, stack(0x000000012ca43000,0x000000012cb43000)]
  0x00007f991b0f5800 JavaThread "dw-admin-75-selector-2" [_thread_in_native, id=52483, stack(0x000000012c940000,0x000000012ca40000)]
  0x00007f991c830800 JavaThread "dw-admin-74-selector-1" [_thread_in_native, id=51971, stack(0x000000012c83d000,0x000000012c93d000)]
  0x00007f9919870000 JavaThread "DestroyJavaVM" [_thread_blocked, id=3335, stack(0x00000001096c2000,0x00000001097c2000)]
  0x00007f991c8b0800 JavaThread "dw-admin-72-selector-0" [_thread_in_native, id=51459, stack(0x000000012c73a000,0x000000012c83a000)]
  0x00007f991d3b1000 JavaThread "dw-admin-71-acceptor-3-admin@2c7106d9{HTTP/1.1}{0.0.0.0:9081}" [_thread_blocked, id=50947, stack(0x000000012c637000,0x000000012c737000)]
  0x00007f991da67000 JavaThread "dw-admin-69-acceptor-2-admin@2c7106d9{HTTP/1.1}{0.0.0.0:9081}" [_thread_blocked, id=49923, stack(0x000000012c431000,0x000000012c531000)]
  0x00007f991c995800 JavaThread "dw-68-acceptor-3-application@61bfc9bf{SSL-HTTP/1.1}{0.0.0.0:9443}" [_thread_blocked, id=49411, stack(0x000000012c32e000,0x000000012c42e000)]
  0x00007f991c05d800 JavaThread "dw-admin-67-acceptor-1-admin@2c7106d9{HTTP/1.1}{0.0.0.0:9081}" [_thread_blocked, id=48899, stack(0x000000012c22b000,0x000000012c32b000)]
  0x00007f9919871800 JavaThread "dw-66-acceptor-2-application@61bfc9bf{SSL-HTTP/1.1}{0.0.0.0:9443}" [_thread_blocked, id=48387, stack(0x000000012c128000,0x000000012c228000)]
  0x00007f991da1d000 JavaThread "dw-admin-65-acceptor-0-admin@2c7106d9{HTTP/1.1}{0.0.0.0:9081}" [_thread_in_native, id=47875, stack(0x000000012c025000,0x000000012c125000)]
  0x00007f9919bf6800 JavaThread "dw-64-acceptor-1-application@61bfc9bf{SSL-HTTP/1.1}{0.0.0.0:9443}" [_thread_blocked, id=47363, stack(0x000000012bf22000,0x000000012c022000)]
  0x00007f991da1c800 JavaThread "dw-admin-63-selector-7" [_thread_in_native, id=46851, stack(0x000000012be1f000,0x000000012bf1f000)]
  0x00007f991d206000 JavaThread "dw-62-acceptor-0-application@61bfc9bf{SSL-HTTP/1.1}{0.0.0.0:9443}" [_thread_in_native, id=46339, stack(0x000000012bd1c000,0x000000012be1c000)]
  0x00007f9919bf6000 JavaThread "dw-admin-61-selector-6" [_thread_in_native, id=45827, stack(0x000000012bc19000,0x000000012bd19000)]
  0x00007f991d203000 JavaThread "dw-60-selector-7" [_thread_in_native, id=45315, stack(0x000000012bb16000,0x000000012bc16000)]
  0x00007f991d202000 JavaThread "dw-admin-59-selector-5" [_thread_in_native, id=44803, stack(0x000000012ba13000,0x000000012bb13000)]
  0x00007f9919bf5000 JavaThread "dw-admin-58-selector-4" [_thread_in_native, id=44291, stack(0x000000012b910000,0x000000012ba10000)]
  0x00007f991d238800 JavaThread "dw-57-selector-6" [_thread_in_native, id=43779, stack(0x000000012b80d000,0x000000012b90d000)]
  0x00007f9919bf4800 JavaThread "dw-admin-56-selector-3" [_thread_in_native, id=43267, stack(0x000000012b70a000,0x000000012b80a000)]
  0x00007f991d238000 JavaThread "dw-55-selector-5" [_thread_in_native, id=42755, stack(0x000000012b607000,0x000000012b707000)]
  0x00007f991d01a800 JavaThread "dw-admin-54-selector-2" [_thread_in_native, id=42243, stack(0x000000012b504000,0x000000012b604000)]
  0x00007f991999d800 JavaThread "dw-53-selector-4" [_thread_in_native, id=41731, stack(0x000000012b401000,0x000000012b501000)]
  0x00007f991d019800 JavaThread "dw-admin-52-selector-1" [_thread_in_native, id=41219, stack(0x000000012b2fe000,0x000000012b3fe000)]
  0x00007f991999d000 JavaThread "dw-51-selector-3" [_thread_in_native, id=40707, stack(0x000000012b1fb000,0x000000012b2fb000)]
  0x00007f99199a1800 JavaThread "dw-50-selector-2" [_thread_in_native, id=40195, stack(0x000000012b0f8000,0x000000012b1f8000)]
  0x00007f991da1b800 JavaThread "dw-49-selector-1" [_thread_in_native, id=39683, stack(0x000000012aff5000,0x000000012b0f5000)]
  0x00007f991d23b800 JavaThread "dw-48-selector-0" [_thread_in_native, id=39171, stack(0x000000012aef2000,0x000000012aff2000)]
  0x00007f991999f000 JavaThread "dw-47" [_thread_blocked, id=38659, stack(0x000000012adef000,0x000000012aeef000)]
  0x00007f991da3b800 JavaThread "dw-46" [_thread_blocked, id=38147, stack(0x000000012acec000,0x000000012adec000)]
  0x00007f991e080800 JavaThread "dw-45" [_thread_blocked, id=37127, stack(0x00000001289f1000,0x0000000128af1000)]
  0x00007f991d081000 JavaThread "dw-44" [_thread_blocked, id=37635, stack(0x000000012abe9000,0x000000012ace9000)]
  0x00007f991d899000 JavaThread "dw-admin-42-selector-0" [_thread_in_native, id=36611, stack(0x0000000126c01000,0x0000000126d01000)]
  0x00007f9919aa5000 JavaThread "hz._hzInstance_1_dev.HealthMonitor" daemon [_thread_blocked, id=36099, stack(0x0000000128e8e000,0x0000000128f8e000)]
  0x00007f991b29d000 JavaThread "hz._hzInstance_1_dev.MulticastThread" [_thread_in_native, id=35587, stack(0x000000012a21a000,0x000000012a31a000)]
  0x00007f991b2c0000 JavaThread "hz._hzInstance_1_dev.IO.thread-Acceptor" [_thread_in_native, id=35075, stack(0x000000012a117000,0x000000012a217000)]
  0x00007f991b3e4800 JavaThread "hz._hzInstance_1_dev.IO.thread-2" [_thread_in_native, id=34563, stack(0x000000012a014000,0x000000012a114000)]
  0x00007f9919766800 JavaThread "hz._hzInstance_1_dev.IO.thread-1" [_thread_in_native, id=34051, stack(0x0000000129f11000,0x000000012a011000)]
  0x00007f9919287800 JavaThread "hz._hzInstance_1_dev.IO.thread-0" [_thread_in_native, id=33539, stack(0x0000000129e0e000,0x0000000129f0e000)]
  0x00007f9919765800 JavaThread "hz._hzInstance_1_dev.ServiceThread" [_thread_blocked, id=33031, stack(0x0000000129d0b000,0x0000000129e0b000)]
  0x00007f991932d000 JavaThread "hz._hzInstance_1_dev.MigrationThread" [_thread_blocked, id=31491, stack(0x0000000129c08000,0x0000000129d08000)]
  0x00007f991c8b4000 JavaThread "hz._hzInstance_1_dev.scheduled.thread-3" [_thread_blocked, id=30979, stack(0x0000000129b05000,0x0000000129c05000)]
  0x00007f991d0a8800 JavaThread "hz._hzInstance_1_dev.scheduled.thread-2" [_thread_blocked, id=30467, stack(0x0000000129a02000,0x0000000129b02000)]
  0x00007f991d086000 JavaThread "hz._hzInstance_1_dev.scheduled.thread-1" [_thread_blocked, id=29955, stack(0x00000001298ff000,0x00000001299ff000)]
  0x00007f991b81d800 JavaThread "dw-25-selector-7" [_thread_in_native, id=29443, stack(0x00000001295fc000,0x00000001296fc000)]
  0x00007f991d02b000 JavaThread "dw-24-selector-6" [_thread_in_native, id=28931, stack(0x0000000129021000,0x0000000129121000)]
  0x00007f991b81c800 JavaThread "dw-23-selector-5" [_thread_in_native, id=28419, stack(0x0000000128d8b000,0x0000000128e8b000)]
  0x00007f991d02a000 JavaThread "dw-22-selector-4" [_thread_in_native, id=27907, stack(0x0000000128c88000,0x0000000128d88000)]
  0x00007f991d029800 JavaThread "dw-21-selector-3" [_thread_in_native, id=27395, stack(0x0000000128b85000,0x0000000128c85000)]
  0x00007f991d028800 JavaThread "dw-20-selector-2" [_thread_in_native, id=26883, stack(0x000000012888c000,0x000000012898c000)]
  0x00007f991d028000 JavaThread "dw-19-selector-1" [_thread_in_native, id=26371, stack(0x0000000128555000,0x0000000128655000)]
  0x00007f9918a8f800 JavaThread "dw-18-selector-0" [_thread_in_native, id=25859, stack(0x00000001283b9000,0x00000001284b9000)]
  0x00007f9918bfa800 JavaThread "DateCache" daemon [_thread_blocked, id=25347, stack(0x0000000127a57000,0x0000000127b57000)]
  0x00007f9918ff6000 JavaThread "async-console-appender-2" [_thread_blocked, id=24835, stack(0x0000000126a26000,0x0000000126b26000)]
  0x00007f9919a50800 JavaThread "MVStore background writer nio:/Users/twalters/Documents/projects/amped/uifacade/target/amped2.mv.db" daemon [_thread_blocked, id=24327, stack(0x0000000127554000,0x0000000127654000)]
  0x00007f9919959800 JavaThread "PoolCleaner[2125039532:1410532453407]" daemon [_thread_blocked, id=23811, stack(0x0000000127451000,0x0000000127551000)]
  0x00007f991a14b800 JavaThread "async-console-appender-1" [_thread_blocked, id=23299, stack(0x0000000126d87000,0x0000000126e87000)]
  0x00007f9919808800 JavaThread "Service Thread" daemon [_thread_blocked, id=22275, stack(0x00000001259e7000,0x0000000125ae7000)]
  0x00007f991a007000 JavaThread "C1 CompilerThread3" daemon [_thread_blocked, id=21763, stack(0x00000001258e4000,0x00000001259e4000)]
  0x00007f991a009000 JavaThread "C2 CompilerThread2" daemon [_thread_blocked, id=21251, stack(0x00000001257e1000,0x00000001258e1000)]
  0x00007f9919036000 JavaThread "C2 CompilerThread1" daemon [_thread_blocked, id=20739, stack(0x00000001256de000,0x00000001257de000)]
  0x00007f991882a800 JavaThread "C2 CompilerThread0" daemon [_thread_blocked, id=20227, stack(0x00000001255db000,0x00000001256db000)]
  0x00007f9918829800 JavaThread "Signal Dispatcher" daemon [_thread_blocked, id=19715, stack(0x00000001254d8000,0x00000001255d8000)]
  0x00007f991a006800 JavaThread "Finalizer" daemon [_thread_blocked, id=14595, stack(0x00000001252a1000,0x00000001253a1000)]
  0x00007f9919060000 JavaThread "Reference Handler" daemon [_thread_blocked, id=14083, stack(0x000000012519e000,0x000000012529e000)]

Other Threads:
  0x00007f991905b800 VMThread [stack: 0x000000012509b000,0x000000012519b000] [id=13571]
  0x00007f991983c800 WatcherThread [stack: 0x0000000125aea000,0x0000000125bea000] [id=22787]

VM state:not at safepoint (normal execution)

VM Mutex/Monitor currently owned by a thread: None

Heap:
 PSYoungGen      total 63488K, used 7764K [0x000000076ab00000, 0x000000076ff80000, 0x00000007c0000000)
  eden space 52224K, 6% used [0x000000076ab00000,0x000000076ae6c5d8,0x000000076de00000)
  from space 11264K, 37% used [0x000000076de00000,0x000000076e228ac0,0x000000076e900000)
  to   space 10752K, 0% used [0x000000076f500000,0x000000076f500000,0x000000076ff80000)
 ParOldGen       total 24064K, used 19005K [0x00000006c0000000, 0x00000006c1780000, 0x000000076ab00000)
  object space 24064K, 78% used [0x00000006c0000000,0x00000006c128f6f0,0x00000006c1780000)
 Metaspace       used 44696K, capacity 44998K, committed 45312K, reserved 1089536K
  class space    used 6070K, capacity 6137K, committed 6144K, reserved 1048576K

Card table byte_map: [0x0000000118bb8000,0x00000001193b9000] byte_map_base: 0x00000001155b8000

Marking Bits: (ParMarkBitMap*) 0x00000001090670a0
 Begin Bits: [0x000000011a127000, 0x000000011e127000)
 End Bits:   [0x000000011e127000, 0x0000000122127000)

Polling page: 0x00000001077d1000

CodeCache: size=245760Kb used=8698Kb max_used=8705Kb free=237061Kb
 bounds [0x00000001097f8000, 0x000000010a0c8000, 0x00000001187f8000]
 total_blobs=3252 nmethods=2734 adapters=433
 compilation: enabled

Compilation events (10 events):
Event: 68.742 Thread 0x00007f991a007000 2858       3       java.text.DateFormatSymbols::<init> (73 bytes)
Event: 68.742 Thread 0x00007f991a007000 nmethod 2858 0x0000000109931990 code [0x0000000109931b00, 0x0000000109931da8]
Event: 68.945 Thread 0x00007f9919036000 2859       4       java.util.concurrent.atomic.AtomicLongArray::checkedByteOffset (45 bytes)
Event: 68.946 Thread 0x00007f9919036000 nmethod 2859 0x0000000109c72210 code [0x0000000109c72360, 0x0000000109c723f8]
Event: 70.393 Thread 0x00007f991a007000 2860  s    3       java.util.Hashtable::containsKey (65 bytes)
Event: 70.394 Thread 0x00007f991a007000 nmethod 2860 0x0000000109930f90 code [0x0000000109931120, 0x0000000109931738]
Event: 70.394 Thread 0x00007f991a007000 2862       3       java.util.logging.LogManager$LoggerContext::getRootLogger (8 bytes)
Event: 70.394 Thread 0x00007f991a007000 nmethod 2862 0x0000000109930b90 code [0x0000000109930ce0, 0x0000000109930ef0]
Event: 70.394 Thread 0x00007f991a007000 2861       1       org.eclipse.jetty.util.component.ContainerLifeCycle$Bean::access$100 (5 bytes)
Event: 70.394 Thread 0x00007f991a007000 nmethod 2861 0x00000001099308d0 code [0x0000000109930a20, 0x0000000109930b10]

GC Heap History (10 events):
Event: 2.211 GC heap before
{Heap before GC invocations=18 (full 1):
 PSYoungGen      total 46592K, used 39107K [0x000000076ab00000, 0x000000076df80000, 0x00000007c0000000)
  eden space 41472K, 81% used [0x000000076ab00000,0x000000076cc32648,0x000000076d380000)
  from space 5120K, 99% used [0x000000076da80000,0x000000076df7e8a8,0x000000076df80000)
  to   space 6144K, 0% used [0x000000076d380000,0x000000076d380000,0x000000076d980000)
 ParOldGen       total 11264K, used 8196K [0x00000006c0000000, 0x00000006c0b00000, 0x000000076ab00000)
  object space 11264K, 72% used [0x00000006c0000000,0x00000006c0801348,0x00000006c0b00000)
 Metaspace       used 34618K, capacity 34822K, committed 35072K, reserved 1079296K
  class space    used 4738K, capacity 4770K, committed 4864K, reserved 1048576K
Event: 2.219 GC heap after
Heap after GC invocations=18 (full 1):
 PSYoungGen      total 47616K, used 6139K [0x000000076ab00000, 0x000000076f200000, 0x00000007c0000000)
  eden space 41472K, 0% used [0x000000076ab00000,0x000000076ab00000,0x000000076d380000)
  from space 6144K, 99% used [0x000000076d380000,0x000000076d97ee90,0x000000076d980000)
  to   space 8704K, 0% used [0x000000076e980000,0x000000076e980000,0x000000076f200000)
 ParOldGen       total 12800K, used 12363K [0x00000006c0000000, 0x00000006c0c80000, 0x000000076ab00000)
  object space 12800K, 96% used [0x00000006c0000000,0x00000006c0c12ed8,0x00000006c0c80000)
 Metaspace       used 34618K, capacity 34822K, committed 35072K, reserved 1079296K
  class space    used 4738K, capacity 4770K, committed 4864K, reserved 1048576K
}
Event: 2.220 GC heap before
{Heap before GC invocations=19 (full 2):
 PSYoungGen      total 47616K, used 6139K [0x000000076ab00000, 0x000000076f200000, 0x00000007c0000000)
  eden space 41472K, 0% used [0x000000076ab00000,0x000000076ab00000,0x000000076d380000)
  from space 6144K, 99% used [0x000000076d380000,0x000000076d97ee90,0x000000076d980000)
  to   space 8704K, 0% used [0x000000076e980000,0x000000076e980000,0x000000076f200000)
 ParOldGen       total 12800K, used 12363K [0x00000006c0000000, 0x00000006c0c80000, 0x000000076ab00000)
  object space 12800K, 96% used [0x00000006c0000000,0x00000006c0c12ed8,0x00000006c0c80000)
 Metaspace       used 34618K, capacity 34822K, committed 35072K, reserved 1079296K
  class space    used 4738K, capacity 4770K, committed 4864K, reserved 1048576K
Event: 2.309 GC heap after
Heap after GC invocations=19 (full 2):
 PSYoungGen      total 47616K, used 2327K [0x000000076ab00000, 0x000000076f200000, 0x00000007c0000000)
  eden space 41472K, 0% used [0x000000076ab00000,0x000000076ab00000,0x000000076d380000)
  from space 6144K, 37% used [0x000000076d380000,0x000000076d5c5df8,0x000000076d980000)
  to   space 8704K, 0% used [0x000000076e980000,0x000000076e980000,0x000000076f200000)
 ParOldGen       total 17920K, used 12738K [0x00000006c0000000, 0x00000006c1180000, 0x000000076ab00000)
  object space 17920K, 71% used [0x00000006c0000000,0x00000006c0c70868,0x00000006c1180000)
 Metaspace       used 34618K, capacity 34822K, committed 35072K, reserved 1079296K
  class space    used 4738K, capacity 4770K, committed 4864K, reserved 1048576K
}
Event: 5.633 GC heap before
{Heap before GC invocations=20 (full 2):
 PSYoungGen      total 47616K, used 43799K [0x000000076ab00000, 0x000000076f200000, 0x00000007c0000000)
  eden space 41472K, 100% used [0x000000076ab00000,0x000000076d380000,0x000000076d380000)
  from space 6144K, 37% used [0x000000076d380000,0x000000076d5c5df8,0x000000076d980000)
  to   space 8704K, 0% used [0x000000076e980000,0x000000076e980000,0x000000076f200000)
 ParOldGen       total 17920K, used 12738K [0x00000006c0000000, 0x00000006c1180000, 0x000000076ab00000)
  object space 17920K, 71% used [0x00000006c0000000,0x00000006c0c70868,0x00000006c1180000)
 Metaspace       used 42033K, capacity 42368K, committed 42752K, reserved 1085440K
  class space    used 5678K, capacity 5768K, committed 5888K, reserved 1048576K
Event: 5.644 GC heap after
Heap after GC invocations=20 (full 2):
 PSYoungGen      total 60928K, used 8677K [0x000000076ab00000, 0x000000076f400000, 0x00000007c0000000)
  eden space 52224K, 0% used [0x000000076ab00000,0x000000076ab00000,0x000000076de00000)
  from space 8704K, 99% used [0x000000076e980000,0x000000076f1f95b8,0x000000076f200000)
  to   space 11264K, 0% used [0x000000076de00000,0x000000076de00000,0x000000076e900000)
 ParOldGen       total 17920K, used 15679K [0x00000006c0000000, 0x00000006c1180000, 0x000000076ab00000)
  object space 17920K, 87% used [0x00000006c0000000,0x00000006c0f4ffd0,0x00000006c1180000)
 Metaspace       used 42033K, capacity 42368K, committed 42752K, reserved 1085440K
  class space    used 5678K, capacity 5768K, committed 5888K, reserved 1048576K
}
Event: 5.644 GC heap before
{Heap before GC invocations=21 (full 3):
 PSYoungGen      total 60928K, used 8677K [0x000000076ab00000, 0x000000076f400000, 0x00000007c0000000)
  eden space 52224K, 0% used [0x000000076ab00000,0x000000076ab00000,0x000000076de00000)
  from space 8704K, 99% used [0x000000076e980000,0x000000076f1f95b8,0x000000076f200000)
  to   space 11264K, 0% used [0x000000076de00000,0x000000076de00000,0x000000076e900000)
 ParOldGen       total 17920K, used 15679K [0x00000006c0000000, 0x00000006c1180000, 0x000000076ab00000)
  object space 17920K, 87% used [0x00000006c0000000,0x00000006c0f4ffd0,0x00000006c1180000)
 Metaspace       used 42033K, capacity 42368K, committed 42752K, reserved 1085440K
  class space    used 5678K, capacity 5768K, committed 5888K, reserved 1048576K
Event: 5.738 GC heap after
Heap after GC invocations=21 (full 3):
 PSYoungGen      total 60928K, used 3221K [0x000000076ab00000, 0x000000076f400000, 0x00000007c0000000)
  eden space 52224K, 0% used [0x000000076ab00000,0x000000076ab00000,0x000000076de00000)
  from space 8704K, 37% used [0x000000076e980000,0x000000076eca5468,0x000000076f200000)
  to   space 11264K, 0% used [0x000000076de00000,0x000000076de00000,0x000000076e900000)
 ParOldGen       total 24064K, used 17818K [0x00000006c0000000, 0x00000006c1780000, 0x000000076ab00000)
  object space 24064K, 74% used [0x00000006c0000000,0x00000006c1166a60,0x00000006c1780000)
 Metaspace       used 42033K, capacity 42368K, committed 42752K, reserved 1085440K
  class space    used 5678K, capacity 5768K, committed 5888K, reserved 1048576K
}
Event: 66.067 GC heap before
{Heap before GC invocations=22 (full 3):
 PSYoungGen      total 60928K, used 55445K [0x000000076ab00000, 0x000000076f400000, 0x00000007c0000000)
  eden space 52224K, 100% used [0x000000076ab00000,0x000000076de00000,0x000000076de00000)
  from space 8704K, 37% used [0x000000076e980000,0x000000076eca5468,0x000000076f200000)
  to   space 11264K, 0% used [0x000000076de00000,0x000000076de00000,0x000000076e900000)
 ParOldGen       total 24064K, used 17818K [0x00000006c0000000, 0x00000006c1780000, 0x000000076ab00000)
  object space 24064K, 74% used [0x00000006c0000000,0x00000006c1166a60,0x00000006c1780000)
 Metaspace       used 44670K, capacity 44998K, committed 45312K, reserved 1089536K
  class space    used 6063K, capacity 6137K, committed 6144K, reserved 1048576K
Event: 66.075 GC heap after
Heap after GC invocations=22 (full 3):
 PSYoungGen      total 63488K, used 4258K [0x000000076ab00000, 0x000000076ff80000, 0x00000007c0000000)
  eden space 52224K, 0% used [0x000000076ab00000,0x000000076ab00000,0x000000076de00000)
  from space 11264K, 37% used [0x000000076de00000,0x000000076e228ac0,0x000000076e900000)
  to   space 10752K, 0% used [0x000000076f500000,0x000000076f500000,0x000000076ff80000)
 ParOldGen       total 24064K, used 19005K [0x00000006c0000000, 0x00000006c1780000, 0x000000076ab00000)
  object space 24064K, 78% used [0x00000006c0000000,0x00000006c128f6f0,0x00000006c1780000)
 Metaspace       used 44670K, capacity 44998K, committed 45312K, reserved 1089536K
  class space    used 6063K, capacity 6137K, committed 6144K, reserved 1048576K
}

Deoptimization events (10 events):
Event: 5.777 Thread 0x00007f9919000000 Uncommon trap: reason=unreached action=reinterpret pc=0x0000000109d4b554 method=java.net.URL.<init>(Ljava/net/URL;Ljava/lang/String;Ljava/net/URLStreamHandler;)V @ 347
Event: 5.783 Thread 0x00007f9919000000 Uncommon trap: reason=bimorphic action=maybe_recompile pc=0x0000000109f83ae4 method=java.util.regex.Matcher.match(II)Z @ 86
Event: 5.784 Thread 0x00007f9919000000 Uncommon trap: reason=bimorphic action=maybe_recompile pc=0x0000000109f83ae4 method=java.util.regex.Matcher.match(II)Z @ 86
Event: 5.784 Thread 0x00007f9919000000 Uncommon trap: reason=bimorphic action=maybe_recompile pc=0x0000000109f83ae4 method=java.util.regex.Matcher.match(II)Z @ 86
Event: 5.784 Thread 0x00007f9919000000 Uncommon trap: reason=bimorphic action=maybe_recompile pc=0x0000000109f83ae4 method=java.util.regex.Matcher.match(II)Z @ 86
Event: 5.790 Thread 0x00007f9919000000 Uncommon trap: reason=bimorphic action=maybe_recompile pc=0x0000000109c859c8 method=java.util.regex.Matcher.search(I)Z @ 86
Event: 5.790 Thread 0x00007f9919000000 Uncommon trap: reason=bimorphic action=maybe_recompile pc=0x0000000109c859c8 method=java.util.regex.Matcher.search(I)Z @ 86
Event: 5.883 Thread 0x00007f9919000000 Uncommon trap: reason=bimorphic action=maybe_recompile pc=0x0000000109f2bb08 method=java.util.regex.Pattern$CharProperty.match(Ljava/util/regex/Matcher;ILjava/lang/CharSequence;)Z @ 18
Event: 5.901 Thread 0x00007f9919000000 Uncommon trap: reason=unreached action=reinterpret pc=0x0000000109ef4648 method=java.lang.Class.searchMethods([Ljava/lang/reflect/Method;Ljava/lang/String;[Ljava/lang/Class;)Ljava/lang/reflect/Method; @ 47
Event: 6.055 Thread 0x00007f9919000000 Uncommon trap: reason=predicate action=maybe_recompile pc=0x0000000109e5750c method=java.util.AbstractCollection.addAll(Ljava/util/Collection;)Z @ 18

Internal exceptions (10 events):
Event: 62.781 Thread 0x00007f991b29d000 Exception <a 'java/net/SocketTimeoutException': Receive timed out> (0x000000076ac26ce0) thrown at [/HUDSON3/workspace/8-2-build-macosx-x86_64/jdk8u11/648/hotspot/src/share/vm/prims/jni.cpp, line 742]
Event: 63.782 Thread 0x00007f991b29d000 Exception <a 'java/net/SocketTimeoutException': Receive timed out> (0x000000076ac26ee8) thrown at [/HUDSON3/workspace/8-2-build-macosx-x86_64/jdk8u11/648/hotspot/src/share/vm/prims/jni.cpp, line 742]
Event: 64.783 Thread 0x00007f991b29d000 Exception <a 'java/net/SocketTimeoutException': Receive timed out> (0x000000076ac270f0) thrown at [/HUDSON3/workspace/8-2-build-macosx-x86_64/jdk8u11/648/hotspot/src/share/vm/prims/jni.cpp, line 742]
Event: 65.783 Thread 0x00007f991b29d000 Exception <a 'java/net/SocketTimeoutException': Receive timed out> (0x000000076ac272f8) thrown at [/HUDSON3/workspace/8-2-build-macosx-x86_64/jdk8u11/648/hotspot/src/share/vm/prims/jni.cpp, line 742]
Event: 66.784 Thread 0x00007f991b29d000 Exception <a 'java/net/SocketTimeoutException': Receive timed out> (0x000000076acd72a0) thrown at [/HUDSON3/workspace/8-2-build-macosx-x86_64/jdk8u11/648/hotspot/src/share/vm/prims/jni.cpp, line 742]
Event: 67.785 Thread 0x00007f991b29d000 Exception <a 'java/net/SocketTimeoutException': Receive timed out> (0x000000076acd74a8) thrown at [/HUDSON3/workspace/8-2-build-macosx-x86_64/jdk8u11/648/hotspot/src/share/vm/prims/jni.cpp, line 742]
Event: 68.787 Thread 0x00007f991b29d000 Exception <a 'java/net/SocketTimeoutException': Receive timed out> (0x000000076acd76b0) thrown at [/HUDSON3/workspace/8-2-build-macosx-x86_64/jdk8u11/648/hotspot/src/share/vm/prims/jni.cpp, line 742]
Event: 69.787 Thread 0x00007f991b29d000 Exception <a 'java/net/SocketTimeoutException': Receive timed out> (0x000000076acd78b8) thrown at [/HUDSON3/workspace/8-2-build-macosx-x86_64/jdk8u11/648/hotspot/src/share/vm/prims/jni.cpp, line 742]
Event: 70.394 Thread 0x00007f991d081000 Exception <a 'java/io/IOException'> (0x000000076ae29d40) thrown at [/HUDSON3/workspace/8-2-build-macosx-x86_64/jdk8u11/648/hotspot/src/share/vm/prims/jni.cpp, line 716]
Event: 70.394 Thread 0x00007f991da6b800 Exception <a 'java/security/PrivilegedActionException'> (0x000000076ae221a8) thrown at [/HUDSON3/workspace/8-2-build-macosx-x86_64/jdk8u11/648/hotspot/src/share/vm/prims/jvm.cpp, line 1248]

Events (10 events):
Event: 70.393 Thread 0x00007f991da6a800 Thread added: 0x00007f991da6a800
Event: 70.393 Thread 0x00007f991e2d6800 Thread added: 0x00007f991e2d6800
Event: 70.393 Thread 0x00007f991da6b800 Thread added: 0x00007f991da6b800
Event: 70.393 Thread 0x00007f991da68800 Thread exited: 0x00007f991da68800
Event: 70.394 loading class org/h2/mvstore/MVStore$1
Event: 70.394 loading class org/h2/mvstore/MVStore$1 done
Event: 70.394 loading class java/nio/channels/AsynchronousCloseException
Event: 70.394 loading class java/nio/channels/ClosedChannelException
Event: 70.394 loading class java/nio/channels/ClosedChannelException done
Event: 70.394 loading class java/nio/channels/AsynchronousCloseException done


Dynamic libraries:
0x000000000be30000 	/System/Library/Frameworks/Cocoa.framework/Versions/A/Cocoa
0x000000000be30000 	/System/Library/Frameworks/Security.framework/Versions/A/Security
0x000000000be30000 	/System/Library/Frameworks/ApplicationServices.framework/Versions/A/ApplicationServices
0x000000000be30000 	/usr/lib/libz.1.dylib
0x000000000be30000 	/usr/lib/libSystem.B.dylib
0x000000000be30000 	/usr/lib/libobjc.A.dylib
0x000000000be30000 	/System/Library/Frameworks/CoreFoundation.framework/Versions/A/CoreFoundation
0x000000000be30000 	/System/Library/Frameworks/Foundation.framework/Versions/C/Foundation
0x000000000be30000 	/System/Library/Frameworks/AppKit.framework/Versions/C/AppKit
0x000000000be30000 	/System/Library/Frameworks/CoreData.framework/Versions/A/CoreData
0x000000000be30000 	/System/Library/PrivateFrameworks/RemoteViewServices.framework/Versions/A/RemoteViewServices
0x000000000be30000 	/System/Library/Frameworks/AudioToolbox.framework/Versions/A/AudioToolbox
0x000000000be30000 	/System/Library/Frameworks/AudioUnit.framework/Versions/A/AudioUnit
0x000000000be30000 	/System/Library/PrivateFrameworks/DataDetectorsCore.framework/Versions/A/DataDetectorsCore
0x000000000be30000 	/System/Library/PrivateFrameworks/DesktopServicesPriv.framework/Versions/A/DesktopServicesPriv
0x000000000be30000 	/System/Library/Frameworks/Carbon.framework/Versions/A/Frameworks/HIToolbox.framework/Versions/A/HIToolbox
0x000000000be30000 	/System/Library/Frameworks/QuartzCore.framework/Versions/A/QuartzCore
0x000000000be30000 	/System/Library/Frameworks/Carbon.framework/Versions/A/Frameworks/SpeechRecognition.framework/Versions/A/SpeechRecognition
0x000000000be30000 	/usr/lib/libauto.dylib
0x000000000be30000 	/usr/lib/libicucore.A.dylib
0x000000000be30000 	/usr/lib/libxml2.2.dylib
0x000000000be30000 	/System/Library/PrivateFrameworks/CoreUI.framework/Versions/A/CoreUI
0x000000000be30000 	/System/Library/Frameworks/CoreAudio.framework/Versions/A/CoreAudio
0x000000000be30000 	/System/Library/Frameworks/DiskArbitration.framework/Versions/A/DiskArbitration
0x000000000be30000 	/usr/lib/liblangid.dylib
0x000000000be30000 	/System/Library/PrivateFrameworks/MultitouchSupport.framework/Versions/A/MultitouchSupport
0x000000000be30000 	/System/Library/Frameworks/IOKit.framework/Versions/A/IOKit
0x000000000be30000 	/usr/lib/libDiagnosticMessagesClient.dylib
0x000000000be30000 	/System/Library/Frameworks/CoreServices.framework/Versions/A/CoreServices
0x000000000be30000 	/System/Library/PrivateFrameworks/PerformanceAnalysis.framework/Versions/A/PerformanceAnalysis
0x000000000be30000 	/System/Library/PrivateFrameworks/GenerationalStorage.framework/Versions/A/GenerationalStorage
0x000000000be30000 	/System/Library/Frameworks/OpenGL.framework/Versions/A/OpenGL
0x000000000be30000 	/System/Library/PrivateFrameworks/Sharing.framework/Versions/A/Sharing
0x000000000be30000 	/System/Library/Frameworks/ImageIO.framework/Versions/A/ImageIO
0x000000000be30000 	/System/Library/Frameworks/CoreText.framework/Versions/A/CoreText
0x000000000be30000 	/System/Library/Frameworks/CoreGraphics.framework/Versions/A/CoreGraphics
0x000000000be30000 	/System/Library/PrivateFrameworks/Backup.framework/Versions/A/Backup
0x000000000be30000 	/System/Library/Frameworks/CFNetwork.framework/Versions/A/CFNetwork
0x000000000be30000 	/System/Library/Frameworks/SystemConfiguration.framework/Versions/A/SystemConfiguration
0x000000000be30000 	/usr/lib/libCRFSuite.dylib
0x000000000be30000 	/usr/lib/libc++.1.dylib
0x000000000be30000 	/usr/lib/libc++abi.dylib
0x000000000be30000 	/usr/lib/system/libcache.dylib
0x000000000be30000 	/usr/lib/system/libcommonCrypto.dylib
0x000000000be30000 	/usr/lib/system/libcompiler_rt.dylib
0x000000000be30000 	/usr/lib/system/libcopyfile.dylib
0x000000000be30000 	/usr/lib/system/libcorecrypto.dylib
0x000000000be30000 	/usr/lib/system/libdispatch.dylib
0x000000000be30000 	/usr/lib/system/libdyld.dylib
0x000000000be30000 	/usr/lib/system/libkeymgr.dylib
0x000000000be30000 	/usr/lib/system/liblaunch.dylib
0x000000000be30000 	/usr/lib/system/libmacho.dylib
0x000000000be30000 	/usr/lib/system/libquarantine.dylib
0x000000000be30000 	/usr/lib/system/libremovefile.dylib
0x000000000be30000 	/usr/lib/system/libsystem_asl.dylib
0x000000000be30000 	/usr/lib/system/libsystem_blocks.dylib
0x000000000be30000 	/usr/lib/system/libsystem_c.dylib
0x000000000be30000 	/usr/lib/system/libsystem_configuration.dylib
0x000000000be30000 	/usr/lib/system/libsystem_dnssd.dylib
0x000000000be30000 	/usr/lib/system/libsystem_info.dylib
0x000000000be30000 	/usr/lib/system/libsystem_kernel.dylib
0x000000000be30000 	/usr/lib/system/libsystem_m.dylib
0x000000000be30000 	/usr/lib/system/libsystem_malloc.dylib
0x000000000be30000 	/usr/lib/system/libsystem_network.dylib
0x000000000be30000 	/usr/lib/system/libsystem_notify.dylib
0x000000000be30000 	/usr/lib/system/libsystem_platform.dylib
0x000000000be30000 	/usr/lib/system/libsystem_pthread.dylib
0x000000000be30000 	/usr/lib/system/libsystem_sandbox.dylib
0x000000000be30000 	/usr/lib/system/libsystem_stats.dylib
0x000000000be30000 	/usr/lib/system/libunc.dylib
0x000000000be30000 	/usr/lib/system/libunwind.dylib
0x000000000be30000 	/usr/lib/system/libxpc.dylib
0x000000000be30000 	/usr/lib/libbsm.0.dylib
0x000000000be30000 	/usr/lib/libsqlite3.dylib
0x000000000be30000 	/usr/lib/libxar.1.dylib
0x000000000be30000 	/usr/lib/libpam.2.dylib
0x000000000be30000 	/usr/lib/libOpenScriptingUtil.dylib
0x000000000be30000 	/usr/lib/libbz2.1.0.dylib
0x000000000be30000 	/System/Library/Frameworks/CoreServices.framework/Versions/A/Frameworks/CarbonCore.framework/Versions/A/CarbonCore
0x000000000be30000 	/System/Library/Frameworks/CoreServices.framework/Versions/A/Frameworks/Metadata.framework/Versions/A/Metadata
0x000000000be30000 	/System/Library/Frameworks/CoreServices.framework/Versions/A/Frameworks/OSServices.framework/Versions/A/OSServices
0x000000000be30000 	/System/Library/Frameworks/CoreServices.framework/Versions/A/Frameworks/SearchKit.framework/Versions/A/SearchKit
0x000000000be30000 	/System/Library/Frameworks/CoreServices.framework/Versions/A/Frameworks/AE.framework/Versions/A/AE
0x000000000be30000 	/System/Library/Frameworks/CoreServices.framework/Versions/A/Frameworks/LaunchServices.framework/Versions/A/LaunchServices
0x000000000be30000 	/System/Library/Frameworks/CoreServices.framework/Versions/A/Frameworks/DictionaryServices.framework/Versions/A/DictionaryServices
0x000000000be30000 	/System/Library/Frameworks/NetFS.framework/Versions/A/NetFS
0x000000000be30000 	/usr/lib/system/libkxld.dylib
0x000000000be30000 	/System/Library/PrivateFrameworks/NetAuth.framework/Versions/A/NetAuth
0x000000000be30000 	/System/Library/PrivateFrameworks/TCC.framework/Versions/A/TCC
0x000000000be30000 	/System/Library/Frameworks/OpenDirectory.framework/Versions/A/Frameworks/CFOpenDirectory.framework/Versions/A/CFOpenDirectory
0x000000000be30000 	/System/Library/Frameworks/ServiceManagement.framework/Versions/A/ServiceManagement
0x000000000be30000 	/usr/lib/libxslt.1.dylib
0x000000000be30000 	/System/Library/Frameworks/Carbon.framework/Versions/A/Frameworks/Ink.framework/Versions/A/Ink
0x000000000be30000 	/System/Library/Frameworks/ApplicationServices.framework/Versions/A/Frameworks/ATS.framework/Versions/A/ATS
0x000000000be30000 	/System/Library/Frameworks/ApplicationServices.framework/Versions/A/Frameworks/ColorSync.framework/Versions/A/ColorSync
0x000000000be30000 	/System/Library/Frameworks/ApplicationServices.framework/Versions/A/Frameworks/HIServices.framework/Versions/A/HIServices
0x000000000be30000 	/System/Library/Frameworks/ApplicationServices.framework/Versions/A/Frameworks/LangAnalysis.framework/Versions/A/LangAnalysis
0x000000000be30000 	/System/Library/Frameworks/ApplicationServices.framework/Versions/A/Frameworks/PrintCore.framework/Versions/A/PrintCore
0x000000000be30000 	/System/Library/Frameworks/ApplicationServices.framework/Versions/A/Frameworks/QD.framework/Versions/A/QD
0x000000000be30000 	/System/Library/Frameworks/ApplicationServices.framework/Versions/A/Frameworks/SpeechSynthesis.framework/Versions/A/SpeechSynthesis
0x000000000be30000 	/System/Library/Frameworks/IOSurface.framework/Versions/A/IOSurface
0x000000000be30000 	/System/Library/Frameworks/Accelerate.framework/Versions/A/Accelerate
0x000000000be30000 	/System/Library/Frameworks/Accelerate.framework/Versions/A/Frameworks/vImage.framework/Versions/A/vImage
0x000000000be30000 	/System/Library/Frameworks/Accelerate.framework/Versions/A/Frameworks/vecLib.framework/Versions/A/vecLib
0x000000000be30000 	/System/Library/Frameworks/Accelerate.framework/Versions/A/Frameworks/vecLib.framework/Versions/A/libvDSP.dylib
0x000000000be30000 	/System/Library/Frameworks/Accelerate.framework/Versions/A/Frameworks/vecLib.framework/Versions/A/libvMisc.dylib
0x000000000be30000 	/System/Library/Frameworks/Accelerate.framework/Versions/A/Frameworks/vecLib.framework/Versions/A/libLAPACK.dylib
0x000000000be30000 	/System/Library/Frameworks/Accelerate.framework/Versions/A/Frameworks/vecLib.framework/Versions/A/libBLAS.dylib
0x000000000be30000 	/System/Library/Frameworks/ApplicationServices.framework/Versions/A/Frameworks/ATS.framework/Versions/A/Resources/libFontParser.dylib
0x000000000be30000 	/System/Library/Frameworks/ApplicationServices.framework/Versions/A/Frameworks/ATS.framework/Versions/A/Resources/libFontRegistry.dylib
0x000000000be30000 	/System/Library/Frameworks/ImageIO.framework/Versions/A/Resources/libJPEG.dylib
0x000000000be30000 	/System/Library/Frameworks/ImageIO.framework/Versions/A/Resources/libTIFF.dylib
0x000000000be30000 	/System/Library/Frameworks/ImageIO.framework/Versions/A/Resources/libPng.dylib
0x000000000be30000 	/System/Library/Frameworks/ImageIO.framework/Versions/A/Resources/libGIF.dylib
0x000000000be30000 	/System/Library/Frameworks/ImageIO.framework/Versions/A/Resources/libJP2.dylib
0x000000000be30000 	/System/Library/Frameworks/ImageIO.framework/Versions/A/Resources/libRadiance.dylib
0x000000000be30000 	/usr/lib/libcups.2.dylib
0x000000000be30000 	/System/Library/Frameworks/Kerberos.framework/Versions/A/Kerberos
0x000000000be30000 	/System/Library/Frameworks/GSS.framework/Versions/A/GSS
0x000000000be30000 	/usr/lib/libresolv.9.dylib
0x000000000be30000 	/usr/lib/libiconv.2.dylib
0x000000000be30000 	/System/Library/PrivateFrameworks/Heimdal.framework/Versions/A/Heimdal
0x000000000be30000 	/System/Library/PrivateFrameworks/TrustEvaluationAgent.framework/Versions/A/TrustEvaluationAgent
0x000000000be30000 	/usr/lib/libheimdal-asn1.dylib
0x000000000be30000 	/System/Library/Frameworks/OpenDirectory.framework/Versions/A/OpenDirectory
0x000000000be30000 	/System/Library/PrivateFrameworks/CommonAuth.framework/Versions/A/CommonAuth
0x000000000be30000 	/System/Library/Frameworks/SecurityFoundation.framework/Versions/A/SecurityFoundation
0x000000000be30000 	/System/Library/PrivateFrameworks/Bom.framework/Versions/A/Bom
0x000000000be30000 	/System/Library/Frameworks/CoreVideo.framework/Versions/A/CoreVideo
0x000000000be30000 	/System/Library/Frameworks/QuartzCore.framework/Versions/A/Frameworks/CoreImage.framework/Versions/A/CoreImage
0x000000000be30000 	/System/Library/Frameworks/QuartzCore.framework/Versions/A/Frameworks/ScalableUserInterface.framework/Versions/A/ScalableUserInterface
0x000000000be30000 	/System/Library/Frameworks/OpenGL.framework/Versions/A/Libraries/libGLU.dylib
0x000000000be30000 	/System/Library/Frameworks/OpenGL.framework/Versions/A/Libraries/libGFXShared.dylib
0x000000000be30000 	/System/Library/Frameworks/OpenGL.framework/Versions/A/Libraries/libGL.dylib
0x000000000be30000 	/System/Library/Frameworks/OpenGL.framework/Versions/A/Libraries/libGLImage.dylib
0x000000000be30000 	/System/Library/Frameworks/OpenGL.framework/Versions/A/Libraries/libCVMSPluginSupport.dylib
0x000000000be30000 	/System/Library/Frameworks/OpenGL.framework/Versions/A/Libraries/libCoreVMClient.dylib
0x000000000be30000 	/System/Library/PrivateFrameworks/FaceCore.framework/Versions/A/FaceCore
0x000000000be30000 	/System/Library/PrivateFrameworks/CrashReporterSupport.framework/Versions/A/CrashReporterSupport
0x000000000be30000 	/System/Library/Frameworks/OpenCL.framework/Versions/A/OpenCL
0x000000000be30000 	/System/Library/PrivateFrameworks/AppleFSCompression.framework/Versions/A/AppleFSCompression
0x000000000be30000 	/System/Library/PrivateFrameworks/Ubiquity.framework/Versions/A/Ubiquity
0x000000000be30000 	/System/Library/PrivateFrameworks/IconServices.framework/Versions/A/IconServices
0x000000000be30000 	/System/Library/PrivateFrameworks/ChunkingLibrary.framework/Versions/A/ChunkingLibrary
0x000000000be30000 	/System/Library/PrivateFrameworks/CoreSymbolication.framework/Versions/A/CoreSymbolication
0x000000000be30000 	/System/Library/PrivateFrameworks/Symbolication.framework/Versions/A/Symbolication
0x000000000be30000 	/System/Library/PrivateFrameworks/DebugSymbols.framework/Versions/A/DebugSymbols
0x0000000108800000 	/Library/Java/JavaVirtualMachines/jdk1.8.0_11.jdk/Contents/Home/jre/lib/server/libjvm.dylib
0x000000000be30000 	/usr/lib/libstdc++.6.dylib
0x00000001077c3000 	/Library/Java/JavaVirtualMachines/jdk1.8.0_11.jdk/Contents/Home/jre/lib/libverify.dylib
0x00000001097c4000 	/Library/Java/JavaVirtualMachines/jdk1.8.0_11.jdk/Contents/Home/jre/lib/libjava.dylib
0x00000001077db000 	/Library/Java/JavaVirtualMachines/jdk1.8.0_11.jdk/Contents/Home/jre/lib/libzip.dylib
0x00000001077e4000 	/System/Library/Frameworks/JavaVM.framework/Frameworks/JavaRuntimeSupport.framework/JavaRuntimeSupport
0x00000001253a3000 	/System/Library/Frameworks/JavaVM.framework/Versions/A/Frameworks/JavaNativeFoundation.framework/Versions/A/JavaNativeFoundation
0x00000001253b8000 	/System/Library/Frameworks/JavaVM.framework/Versions/A/JavaVM
0x000000000be30000 	/System/Library/Frameworks/Carbon.framework/Versions/A/Carbon
0x00000001253c5000 	/System/Library/PrivateFrameworks/JavaLaunching.framework/Versions/A/JavaLaunching
0x000000000be30000 	/System/Library/Frameworks/Carbon.framework/Versions/A/Frameworks/CommonPanels.framework/Versions/A/CommonPanels
0x000000000be30000 	/System/Library/Frameworks/Carbon.framework/Versions/A/Frameworks/Help.framework/Versions/A/Help
0x000000000be30000 	/System/Library/Frameworks/Carbon.framework/Versions/A/Frameworks/ImageCapture.framework/Versions/A/ImageCapture
0x000000000be30000 	/System/Library/Frameworks/Carbon.framework/Versions/A/Frameworks/OpenScripting.framework/Versions/A/OpenScripting
0x000000000be30000 	/System/Library/Frameworks/Carbon.framework/Versions/A/Frameworks/Print.framework/Versions/A/Print
0x000000000be30000 	/System/Library/Frameworks/Carbon.framework/Versions/A/Frameworks/SecurityHI.framework/Versions/A/SecurityHI
0x0000000125eeb000 	/Library/Java/JavaVirtualMachines/jdk1.8.0_11.jdk/Contents/Home/jre/lib/libmanagement.dylib
0x0000000125ef8000 	/Library/Java/JavaVirtualMachines/jdk1.8.0_11.jdk/Contents/Home/jre/lib/libnet.dylib
0x0000000125f0e000 	/Library/Java/JavaVirtualMachines/jdk1.8.0_11.jdk/Contents/Home/jre/lib/libnio.dylib
0x0000000125d50000 	/Library/Java/JavaVirtualMachines/jdk1.8.0_11.jdk/Contents/Home/jre/lib/libsunec.dylib

VM Arguments:
java_command: target/amped-helloworld-0.7.1.jar server 2.yml
java_class_path (initial): target/amped-helloworld-0.7.1.jar
Launcher Type: SUN_STANDARD

Environment Variables:
PATH=/usr/local/bin:/usr/bin:/bin:/usr/sbin:/sbin:/usr/local/bin
SHELL=/bin/bash

Signal Handlers:
SIGSEGV: [libjvm.dylib+0x56059b], sa_mask[0]=0xfffefeff, sa_flags=0x00000043
SIGBUS: [libjvm.dylib+0x56059b], sa_mask[0]=0xfffefeff, sa_flags=0x00000042
SIGFPE: [libjvm.dylib+0x4438f2], sa_mask[0]=0xfffefeff, sa_flags=0x00000042
SIGPIPE: [libjvm.dylib+0x4438f2], sa_mask[0]=0xfffefeff, sa_flags=0x00000042
SIGXFSZ: [libjvm.dylib+0x4438f2], sa_mask[0]=0xfffefeff, sa_flags=0x00000042
SIGILL: [libjvm.dylib+0x4438f2], sa_mask[0]=0xfffefeff, sa_flags=0x00000042
SIGUSR1: SIG_DFL, sa_mask[0]=0x63807efb, sa_flags=0x00000000
SIGUSR2: [libjvm.dylib+0x443410], sa_mask[0]=0x00000000, sa_flags=0x00000042
SIGHUP: [libjvm.dylib+0x44179b], sa_mask[0]=0xfffefeff, sa_flags=0x00000042
SIGINT: [libjvm.dylib+0x44179b], sa_mask[0]=0xfffefeff, sa_flags=0x00000042
SIGTERM: [libjvm.dylib+0x44179b], sa_mask[0]=0xfffefeff, sa_flags=0x00000042
SIGQUIT: [libjvm.dylib+0x44179b], sa_mask[0]=0xfffefeff, sa_flags=0x00000042


---------------  S Y S T E M  ---------------

OS:Bsduname:Darwin 13.2.0 Darwin Kernel Version 13.2.0: Thu Apr 17 23:03:13 PDT 2014; root:xnu-2422.100.13~1/RELEASE_X86_64 x86_64
rlimit: STACK 8192k, CORE 0k, NPROC 709, NOFILE 10240, AS infinity
load average:2.62 2.20 2.09

CPU:total 8 (4 cores per cpu, 2 threads per core) family 6 model 70 stepping 1, cmov, cx8, fxsr, mmx, sse, sse2, sse3, ssse3, sse4.1, sse4.2, popcnt, avx, avx2, aes, clmul, erms, ht, tsc, tscinvbit

Memory: 4k page, physical 16777216k(3360116k free)

/proc/meminfo:


vm_info: Java HotSpot(TM) 64-Bit Server VM (25.11-b03) for bsd-amd64 JRE (1.8.0_11-b12), built on Jun 16 2014 17:39:42 by "java_re" with gcc 4.2.1 (Based on Apple Inc. build 5658) (LLVM build 2336.11.00)

time: Fri Sep 12 10:35:22 2014
elapsed time: 70 seconds

